<?xml version="1.0" encoding="UTF-8"?>
<coverage generated="1676789431909" clover="3.2.0">
  <project timestamp="1676789431909" name="All files">
    <metrics statements="18" coveredstatements="18" conditionals="10" coveredconditionals="10" methods="5" coveredmethods="5" elements="33" coveredelements="33" complexity="0" loc="18" ncloc="18" packages="1" files="1" classes="1"/>
    <file name="MathBasic.js" path="D:\project\Belajar\automation-testing\src\MathBasic.js">
      <metrics statements="18" coveredstatements="18" conditionals="10" coveredconditionals="10" methods="5" coveredmethods="5"/>
      <line num="1" count="1" type="stmt"/>
      <line num="3" count="41" type="cond" truecount="2" falsecount="0"/>
      <line num="4" count="16" type="stmt"/>
      <line num="7" count="25" type="stmt"/>
      <line num="9" count="25" type="cond" truecount="4" falsecount="0"/>
      <line num="10" count="12" type="stmt"/>
      <line num="13" count="13" type="stmt"/>
      <line num="17" count="10" type="stmt"/>
      <line num="18" count="3" type="stmt"/>
      <line num="22" count="10" type="stmt"/>
      <line num="23" count="3" type="stmt"/>
      <line num="27" count="10" type="stmt"/>
      <line num="28" count="3" type="stmt"/>
      <line num="32" count="11" type="stmt"/>
      <line num="34" count="4" type="cond" truecount="4" falsecount="0"/>
      <line num="35" count="2" type="stmt"/>
      <line num="38" count="2" type="stmt"/>
      <line num="42" count="1" type="stmt"/>
    </file>
  </project>
</coverage>
