<?xml version="1.0" encoding="UTF-8"?>
<coverage generated="1676789054808" clover="3.2.0">
  <project timestamp="1676789054808" name="All files">
    <metrics statements="28" coveredstatements="28" conditionals="28" coveredconditionals="28" methods="4" coveredmethods="4" elements="60" coveredelements="60" complexity="0" loc="28" ncloc="28" packages="1" files="1" classes="1"/>
    <file name="MathBasic.js" path="D:\project\Belajar\automation-testing\src\MathBasic.js">
      <metrics statements="28" coveredstatements="28" conditionals="28" coveredconditionals="28" methods="4" coveredmethods="4"/>
      <line num="1" count="1" type="stmt"/>
      <line num="3" count="10" type="cond" truecount="2" falsecount="0"/>
      <line num="4" count="4" type="stmt"/>
      <line num="7" count="6" type="stmt"/>
      <line num="9" count="6" type="cond" truecount="4" falsecount="0"/>
      <line num="10" count="3" type="stmt"/>
      <line num="13" count="3" type="stmt"/>
      <line num="18" count="10" type="cond" truecount="2" falsecount="0"/>
      <line num="19" count="4" type="stmt"/>
      <line num="22" count="6" type="stmt"/>
      <line num="24" count="6" type="cond" truecount="4" falsecount="0"/>
      <line num="25" count="3" type="stmt"/>
      <line num="28" count="3" type="stmt"/>
      <line num="32" count="10" type="cond" truecount="2" falsecount="0"/>
      <line num="33" count="4" type="stmt"/>
      <line num="36" count="6" type="stmt"/>
      <line num="38" count="6" type="cond" truecount="4" falsecount="0"/>
      <line num="39" count="3" type="stmt"/>
      <line num="42" count="3" type="stmt"/>
      <line num="46" count="11" type="cond" truecount="2" falsecount="0"/>
      <line num="47" count="4" type="stmt"/>
      <line num="50" count="7" type="stmt"/>
      <line num="52" count="7" type="cond" truecount="4" falsecount="0"/>
      <line num="53" count="3" type="stmt"/>
      <line num="56" count="4" type="cond" truecount="4" falsecount="0"/>
      <line num="57" count="2" type="stmt"/>
      <line num="60" count="2" type="stmt"/>
      <line num="64" count="1" type="stmt"/>
    </file>
  </project>
</coverage>
