{"D:\\project\\Belajar\\automation-testing\\src\\MathBasic.js": {"path":"D:\\project\\Belajar\\automation-testing\\src\\MathBasic.js","statementMap":{"0":{"start":{"line":1,"column":18},"end":{"line":40,"column":1}},"1":{"start":{"line":3,"column":8},"end":{"line":5,"column":9}},"2":{"start":{"line":4,"column":12},"end":{"line":4,"column":71}},"3":{"start":{"line":7,"column":23},"end":{"line":7,"column":27}},"4":{"start":{"line":9,"column":8},"end":{"line":11,"column":9}},"5":{"start":{"line":10,"column":12},"end":{"line":10,"column":69}},"6":{"start":{"line":13,"column":8},"end":{"line":13,"column":19}},"7":{"start":{"line":17,"column":23},"end":{"line":17,"column":45}},"8":{"start":{"line":18,"column":8},"end":{"line":18,"column":21}},"9":{"start":{"line":22,"column":23},"end":{"line":22,"column":45}},"10":{"start":{"line":23,"column":8},"end":{"line":23,"column":21}},"11":{"start":{"line":27,"column":23},"end":{"line":27,"column":45}},"12":{"start":{"line":28,"column":8},"end":{"line":28,"column":21}},"13":{"start":{"line":32,"column":23},"end":{"line":32,"column":45}},"14":{"start":{"line":34,"column":8},"end":{"line":36,"column":9}},"15":{"start":{"line":35,"column":12},"end":{"line":35,"column":67}},"16":{"start":{"line":38,"column":8},"end":{"line":38,"column":19}},"17":{"start":{"line":42,"column":0},"end":{"line":42,"column":27}}},"fnMap":{"0":{"name":"(anonymous_0)","decl":{"start":{"line":2,"column":4},"end":{"line":2,"column":5}},"loc":{"start":{"line":2,"column":23},"end":{"line":14,"column":5}},"line":2},"1":{"name":"(anonymous_1)","decl":{"start":{"line":16,"column":4},"end":{"line":16,"column":5}},"loc":{"start":{"line":16,"column":17},"end":{"line":19,"column":5}},"line":16},"2":{"name":"(anonymous_2)","decl":{"start":{"line":21,"column":4},"end":{"line":21,"column":5}},"loc":{"start":{"line":21,"column":22},"end":{"line":24,"column":5}},"line":21},"3":{"name":"(anonymous_3)","decl":{"start":{"line":26,"column":4},"end":{"line":26,"column":5}},"loc":{"start":{"line":26,"column":22},"end":{"line":29,"column":5}},"line":26},"4":{"name":"(anonymous_4)","decl":{"start":{"line":31,"column":4},"end":{"line":31,"column":5}},"loc":{"start":{"line":31,"column":20},"end":{"line":39,"column":5}},"line":31}},"branchMap":{"0":{"loc":{"start":{"line":3,"column":8},"end":{"line":5,"column":9}},"type":"if","locations":[{"start":{"line":3,"column":8},"end":{"line":5,"column":9}},{"start":{},"end":{}}],"line":3},"1":{"loc":{"start":{"line":9,"column":8},"end":{"line":11,"column":9}},"type":"if","locations":[{"start":{"line":9,"column":8},"end":{"line":11,"column":9}},{"start":{},"end":{}}],"line":9},"2":{"loc":{"start":{"line":9,"column":12},"end":{"line":9,"column":58}},"type":"binary-expr","locations":[{"start":{"line":9,"column":12},"end":{"line":9,"column":33}},{"start":{"line":9,"column":37},"end":{"line":9,"column":58}}],"line":9},"3":{"loc":{"start":{"line":34,"column":8},"end":{"line":36,"column":9}},"type":"if","locations":[{"start":{"line":34,"column":8},"end":{"line":36,"column":9}},{"start":{},"end":{}}],"line":34},"4":{"loc":{"start":{"line":34,"column":12},"end":{"line":34,"column":30}},"type":"binary-expr","locations":[{"start":{"line":34,"column":12},"end":{"line":34,"column":19}},{"start":{"line":34,"column":23},"end":{"line":34,"column":30}}],"line":34}},"s":{"0":1,"1":41,"2":16,"3":25,"4":25,"5":12,"6":13,"7":10,"8":3,"9":10,"10":3,"11":10,"12":3,"13":11,"14":4,"15":2,"16":2,"17":1},"f":{"0":41,"1":10,"2":10,"3":10,"4":11},"b":{"0":[16,25],"1":[12,13],"2":[25,13],"3":[2,2],"4":[4,3]},"_coverageSchema":"1a1c01bbd47fc00a2c39e90264f33305004495a9","hash":"14d87b7108bd0580ff553c4e81fe300b8b6b7239"}
,"D:\\project\\Belajar\\automation-testing\\src\\Rocket.js": {"path":"D:\\project\\Belajar\\automation-testing\\src\\Rocket.js","statementMap":{"0":{"start":{"line":3,"column":8},"end":{"line":3,"column":25}},"1":{"start":{"line":4,"column":8},"end":{"line":4,"column":39}},"2":{"start":{"line":8,"column":0},"end":{"line":8,"column":24}}},"fnMap":{"0":{"name":"(anonymous_0)","decl":{"start":{"line":2,"column":4},"end":{"line":2,"column":5}},"loc":{"start":{"line":2,"column":22},"end":{"line":5,"column":5}},"line":2}},"branchMap":{},"s":{"0":4,"1":4,"2":1},"f":{"0":4},"b":{},"_coverageSchema":"1a1c01bbd47fc00a2c39e90264f33305004495a9","hash":"b140dcb26524fdaef02a8bb1ee15db50e74334e8"}
,"D:\\project\\Belajar\\automation-testing\\src\\RocketLauncher.js": {"path":"D:\\project\\Belajar\\automation-testing\\src\\RocketLauncher.js","statementMap":{"0":{"start":{"line":3,"column":8},"end":{"line":3,"column":31}},"1":{"start":{"line":7,"column":8},"end":{"line":9,"column":10}},"2":{"start":{"line":8,"column":12},"end":{"line":8,"column":43}},"3":{"start":{"line":11,"column":8},"end":{"line":11,"column":26}},"4":{"start":{"line":15,"column":23},"end":{"line":15,"column":43}},"5":{"start":{"line":17,"column":8},"end":{"line":17,"column":38}},"6":{"start":{"line":21,"column":0},"end":{"line":21,"column":32}}},"fnMap":{"0":{"name":"(anonymous_0)","decl":{"start":{"line":2,"column":4},"end":{"line":2,"column":5}},"loc":{"start":{"line":2,"column":30},"end":{"line":4,"column":5}},"line":2},"1":{"name":"(anonymous_1)","decl":{"start":{"line":6,"column":4},"end":{"line":6,"column":5}},"loc":{"start":{"line":6,"column":23},"end":{"line":12,"column":5}},"line":6},"2":{"name":"(anonymous_2)","decl":{"start":{"line":7,"column":29},"end":{"line":7,"column":30}},"loc":{"start":{"line":7,"column":41},"end":{"line":9,"column":9}},"line":7},"3":{"name":"(anonymous_3)","decl":{"start":{"line":14,"column":4},"end":{"line":14,"column":5}},"loc":{"start":{"line":14,"column":26},"end":{"line":18,"column":5}},"line":14}},"branchMap":{"0":{"loc":{"start":{"line":2,"column":16},"end":{"line":2,"column":28}},"type":"default-arg","locations":[{"start":{"line":2,"column":26},"end":{"line":2,"column":28}}],"line":2}},"s":{"0":2,"1":1,"2":2,"3":1,"4":1,"5":1,"6":1},"f":{"0":2,"1":1,"2":2,"3":1},"b":{"0":[0]},"_coverageSchema":"1a1c01bbd47fc00a2c39e90264f33305004495a9","hash":"c09dce617c18d4741879dbe364e1a752bea7bb83"}
}
