TN:
SF:src\MathBasic.js
FN:2,(anonymous_0)
FN:16,(anonymous_1)
FN:21,(anonymous_2)
FN:26,(anonymous_3)
FN:31,(anonymous_4)
FNF:5
FNH:5
FNDA:41,(anonymous_0)
FNDA:10,(anonymous_1)
FNDA:10,(anonymous_2)
FNDA:10,(anonymous_3)
FNDA:11,(anonymous_4)
DA:1,1
DA:3,41
DA:4,16
DA:7,25
DA:9,25
DA:10,12
DA:13,13
DA:17,10
DA:18,3
DA:22,10
DA:23,3
DA:27,10
DA:28,3
DA:32,11
DA:34,4
DA:35,2
DA:38,2
DA:42,1
LF:18
LH:18
BRDA:3,0,0,16
BRDA:3,0,1,25
BRDA:9,1,0,12
BRDA:9,1,1,13
BRDA:9,2,0,25
BRDA:9,2,1,13
BRDA:34,3,0,2
BRDA:34,3,1,2
BRDA:34,4,0,4
BRDA:34,4,1,3
BRF:10
BRH:10
end_of_record
