TN:
SF:src\MathBasic.js
FN:2,(anonymous_0)
FN:17,(anonymous_1)
FN:31,(anonymous_2)
FN:45,(anonymous_3)
FNF:4
FNH:4
FNDA:10,(anonymous_0)
FNDA:10,(anonymous_1)
FNDA:10,(anonymous_2)
FNDA:11,(anonymous_3)
DA:1,1
DA:3,10
DA:4,4
DA:7,6
DA:9,6
DA:10,3
DA:13,3
DA:18,10
DA:19,4
DA:22,6
DA:24,6
DA:25,3
DA:28,3
DA:32,10
DA:33,4
DA:36,6
DA:38,6
DA:39,3
DA:42,3
DA:46,11
DA:47,4
DA:50,7
DA:52,7
DA:53,3
DA:56,4
DA:57,2
DA:60,2
DA:64,1
LF:28
LH:28
BRDA:3,0,0,4
BRDA:3,0,1,6
BRDA:9,1,0,3
BRDA:9,1,1,3
BRDA:9,2,0,6
BRDA:9,2,1,3
BRDA:18,3,0,4
BRDA:18,3,1,6
BRDA:24,4,0,3
BRDA:24,4,1,3
BRDA:24,5,0,6
BRDA:24,5,1,3
BRDA:32,6,0,4
BRDA:32,6,1,6
BRDA:38,7,0,3
BRDA:38,7,1,3
BRDA:38,8,0,6
BRDA:38,8,1,3
BRDA:46,9,0,4
BRDA:46,9,1,7
BRDA:52,10,0,3
BRDA:52,10,1,4
BRDA:52,11,0,7
BRDA:52,11,1,4
BRDA:56,12,0,2
BRDA:56,12,1,2
BRDA:56,13,0,4
BRDA:56,13,1,3
BRF:28
BRH:28
end_of_record
